<?xml version="1.0" encoding="utf-8"?><testsuites name="pytest tests"><testsuite name="pytest" errors="0" failures="0" skipped="0" tests="23" time="12.668" timestamp="2026-07-21T17:14:40.674925+00:00" hostname="agent-env-fb522cda-0dee-4ca7-b71b-9ba11764cc79"><testcase classname="tests.test_iteration6.TestAdminAuthGate" name="test_stats_requires_admin" time="0.972" /><testcase classname="tests.test_iteration6.TestAdminAuthGate" name="test_users_requires_admin" time="0.144" /><testcase classname="tests.test_iteration6.TestTyping" name="test_visitor_typing_visible_to_company" time="1.405" /><testcase classname="tests.test_iteration6.TestAdminAuthGate" name="test_companies_requires_admin" time="0.175" /><testcase classname="tests.test_iteration6.TestAdminAuthGate" name="test_ads_admin_requires_admin" time="0.232" /><testcase classname="tests.test_iteration6.TestTyping" name="test_company_typing_visible_to_visitor" time="0.596" /><testcase classname="tests.test_iteration6.TestAdminAuthGate" name="test_support_inbox_requires_admin" time="0.104" /><testcase classname="tests.test_iteration6.TestAdminAuthGate" name="test_admin_ok" time="0.471" /><testcase classname="tests.test_iteration6.TestTyping" name="test_typing_expires" time="6.218" /><testcase classname="tests.test_iteration6.TestAdminBlock" name="test_block_then_unblock_user" time="0.965" /><testcase classname="tests.test_iteration6.TestAdminBlock" name="test_cannot_block_admin" time="0.152" /><testcase classname="tests.test_iteration6.TestAdminEditUser" name="test_edit_name_and_password" time="1.312" /><testcase classname="tests.test_iteration6.TestAdminEditUser" name="test_edit_password_too_short_400" time="0.629" /><testcase classname="tests.test_iteration6.TestSupportChat" name="test_user_send_then_admin_reply_thread" time="1.048" /><testcase classname="tests.test_iteration6.TestSupportChat" name="test_non_admin_cannot_reply" time="0.102" /><testcase classname="tests.test_iteration6.TestAds" name="test_admin_create_list_delete_ad" time="1.811" /><testcase classname="tests.test_iteration6.TestAds" name="test_non_admin_cannot_create_ad" time="0.128" /><testcase classname="tests.test_iteration6.TestGenericUploadAndPhotoComment" name="test_upload_and_comment_with_image" time="2.213" /><testcase classname="tests.test_iteration6.TestVerifyCompany" name="test_verify_toggle_reflects_in_public_and_cards" time="2.609" /><testcase classname="tests.test_iteration6.TestGenericUploadAndPhotoComment" name="test_empty_comment_rejected" time="0.138" /><testcase classname="tests.test_iteration6.TestGenericUploadAndPhotoComment" name="test_upload_requires_auth" time="0.108" /><testcase classname="tests.test_iteration6.TestAdminNotifications" name="test_admin_notif_shows_support_and_new_regs" time="0.808" /><testcase classname="tests.test_iteration6.TestReviewAvatar" name="test_review_carries_avatar_url" time="0.659" /></testsuite></testsuites>