<?xml version="1.0" encoding="utf-8"?><testsuites name="pytest tests"><testsuite name="pytest" errors="0" failures="0" skipped="0" tests="24" time="14.246" timestamp="2026-07-21T16:23:08.230254+00:00" hostname="agent-env-fb522cda-0dee-4ca7-b71b-9ba11764cc79"><testcase classname="tests.test_iteration5.TestReviews" name="test_owner_cannot_review_own_company" time="0.745" /><testcase classname="tests.test_iteration5.TestAdmin" name="test_non_admin_forbidden" time="1.622" /><testcase classname="tests.test_iteration5.TestReviews" name="test_review_requires_auth" time="0.456" /><testcase classname="tests.test_iteration5.TestReviews" name="test_add_and_update_review_by_non_owner" time="1.208" /><testcase classname="tests.test_iteration5.TestAdmin" name="test_admin_stats" time="0.853" /><testcase classname="tests.test_iteration5.TestReviews" name="test_get_reviews_returns_stats" time="0.573" /><testcase classname="tests.test_iteration5.TestAdmin" name="test_admin_lists" time="1.042" /><testcase classname="tests.test_iteration5.TestReviews" name="test_company_get_returns_rating_and_bumps_views" time="0.588" /><testcase classname="tests.test_iteration5.TestAdmin" name="test_admin_cannot_delete_admin" time="0.560" /><testcase classname="tests.test_iteration5.TestEmailVerify" name="test_register_returns_unverified" time="0.889" /><testcase classname="tests.test_iteration5.TestAdmin" name="test_admin_delete_throwaway_user" time="1.500" /><testcase classname="tests.test_iteration5.TestEmailVerify" name="test_verify_wrong_code_400" time="0.889" /><testcase classname="tests.test_iteration5.TestEmailVerify" name="test_verify_requires_auth" time="0.123" /><testcase classname="tests.test_iteration5.TestEmailVerify" name="test_resend_verification_success" time="1.315" /><testcase classname="tests.test_iteration5.TestAdmin" name="test_admin_delete_throwaway_company" time="1.362" /><testcase classname="tests.test_iteration5.TestStats" name="test_stats_shape" time="0.119" /><testcase classname="tests.test_iteration5.TestStats" name="test_stats_users_bump_on_register" time="1.153" /><testcase classname="tests.test_iteration5.TestNotifications" name="test_notifications_requires_auth" time="0.128" /><testcase classname="tests.test_iteration5.TestNotifications" name="test_visitor_gets_notification_on_company_reply" time="2.101" /><testcase classname="tests.test_iteration5.TestPhotoComments" name="test_add_and_get_photo_comment" time="1.802" /><testcase classname="tests.test_iteration5.TestNotifications" name="test_company_notifications_count_unread_visitor_msgs" time="1.216" /><testcase classname="tests.test_iteration5.TestPhotoComments" name="test_comment_requires_auth" time="0.111" /><testcase classname="tests.test_iteration5.TestAvatar" name="test_avatar_upload_sets_user_url" time="2.945" /><testcase classname="tests.test_iteration5.TestAvatar" name="test_avatar_rejects_bad_ext" time="0.596" /></testsuite></testsuites>