<?xml version="1.0" encoding="utf-8"?><testsuites name="pytest tests"><testsuite name="pytest" errors="0" failures="0" skipped="0" tests="16" time="3.189" timestamp="2026-07-21T13:09:58.791444+00:00" hostname="agent-env-fb522cda-0dee-4ca7-b71b-9ba11764cc79"><testcase classname="tests.test_directory_and_chat.TestPublicDirectory" name="test_countries_public_no_auth" time="1.008" /><testcase classname="tests.test_directory_and_chat.TestPublicDirectory" name="test_companies_filter_by_country" time="0.252" /><testcase classname="tests.test_directory_and_chat.TestPublicDirectory" name="test_companies_filter_by_city" time="0.172" /><testcase classname="tests.test_directory_and_chat.TestChat" name="test_visitor_send_message" time="1.396" /><testcase classname="tests.test_directory_and_chat.TestChat" name="test_visitor_send_requires_auth" time="0.093" /><testcase classname="tests.test_directory_and_chat.TestPublicDirectory" name="test_companies_filter_by_city_nomatch" time="0.093" /><testcase classname="tests.test_directory_and_chat.TestChat" name="test_visitor_send_bad_company" time="0.094" /><testcase classname="tests.test_directory_and_chat.TestPublicDirectory" name="test_companies_search_q" time="0.134" /><testcase classname="tests.test_directory_and_chat.TestChat" name="test_visitor_get_own_conversation" time="0.116" /><testcase classname="tests.test_directory_and_chat.TestPublicDirectory" name="test_companies_card_fields" time="0.120" /><testcase classname="tests.test_directory_and_chat.TestChat" name="test_company_inbox_lists_visitor" time="0.177" /><testcase classname="tests.test_directory_and_chat.TestChat" name="test_company_get_conversation" time="0.195" /><testcase classname="tests.test_directory_and_chat.TestChat" name="test_company_reply" time="0.108" /><testcase classname="tests.test_directory_and_chat.TestChat" name="test_visitor_sees_company_reply" time="0.104" /><testcase classname="tests.test_directory_and_chat.TestChat" name="test_chat_inbox_requires_auth" time="0.118" /><testcase classname="tests.test_directory_and_chat.TestChat" name="test_visitor_isolation" time="0.461" /></testsuite></testsuites>