<?xml version="1.0" encoding="utf-8"?><testsuites name="pytest tests"><testsuite name="pytest" errors="0" failures="0" skipped="0" tests="12" time="3.683" timestamp="2026-07-21T13:22:36.312064+00:00" hostname="agent-env-fb522cda-0dee-4ca7-b71b-9ba11764cc79"><testcase classname="tests.test_chat_unread.TestUnreadFlow" name="test_01_baseline_unread_zero" time="0.576" /><testcase classname="tests.test_chat_unread.TestUnreadFlow" name="test_02_visitor_a_sends_two_msgs_increments_unread" time="0.633" /><testcase classname="tests.test_chat_unread.TestUnreadFlow" name="test_03_visitor_b_sends_one_msg" time="0.596" /><testcase classname="tests.test_chat_unread.TestUnreadFlow" name="test_04_inbox_sum_equals_unread_count" time="0.232" /><testcase classname="tests.test_chat_unread.TestUnreadFlow" name="test_05_open_a_conversation_marks_read" time="0.336" /><testcase classname="tests.test_chat_unread.TestUnreadFlow" name="test_06_company_reply_is_unread_for_visitor" time="0.210" /><testcase classname="tests.test_chat_unread.TestUnreadFlow" name="test_07_visitor_post_read_marks_company_msgs_read" time="0.214" /><testcase classname="tests.test_chat_unread.TestUnreadFlow" name="test_08_owner_unread_count_unaffected_by_visitor_mark_read" time="0.092" /><testcase classname="tests.test_chat_unread.TestUnreadFlow" name="test_09_empty_text_rejected" time="0.128" /><testcase classname="tests.test_chat_unread.TestUnreadFlow" name="test_10_over_2000_chars_rejected" time="0.121" /><testcase classname="tests.test_chat_unread.TestUnreadFlow" name="test_11_exactly_2000_chars_accepted" time="0.106" /><testcase classname="tests.test_chat_unread.TestUnreadFlow" name="test_12_company_reply_empty_rejected" time="0.103" /></testsuite></testsuites>