<?xml version="1.0" encoding="utf-8"?><testsuites name="pytest tests"><testsuite name="pytest" errors="0" failures="0" skipped="0" tests="37" time="9.127" timestamp="2026-07-21T13:10:07.985703+00:00" hostname="agent-env-fb522cda-0dee-4ca7-b71b-9ba11764cc79"><testcase classname="tests.backend_test.TestMedia" name="test_upload_logo" time="1.315" /><testcase classname="tests.backend_test.TestMedia" name="test_upload_cover" time="0.455" /><testcase classname="tests.test_directory_and_chat.TestChat" name="test_visitor_send_message" time="1.748" /><testcase classname="tests.test_directory_and_chat.TestChat" name="test_visitor_send_requires_auth" time="0.103" /><testcase classname="tests.backend_test.TestMedia" name="test_upload_media_image" time="0.397" /><testcase classname="tests.test_directory_and_chat.TestChat" name="test_visitor_send_bad_company" time="0.293" /><testcase classname="tests.test_directory_and_chat.TestChat" name="test_visitor_get_own_conversation" time="0.104" /><testcase classname="tests.backend_test.TestMedia" name="test_upload_media_disallowed_ext" time="0.099" /><testcase classname="tests.test_directory_and_chat.TestChat" name="test_company_inbox_lists_visitor" time="0.109" /><testcase classname="tests.backend_test.TestMedia" name="test_media_appears_in_company" time="0.160" /><testcase classname="tests.test_directory_and_chat.TestChat" name="test_company_get_conversation" time="0.101" /><testcase classname="tests.backend_test.TestMedia" name="test_delete_media" time="0.259" /><testcase classname="tests.test_directory_and_chat.TestChat" name="test_company_reply" time="0.159" /><testcase classname="tests.test_directory_and_chat.TestChat" name="test_visitor_sees_company_reply" time="0.129" /><testcase classname="tests.test_directory_and_chat.TestChat" name="test_chat_inbox_requires_auth" time="0.274" /><testcase classname="tests.test_directory_and_chat.TestChat" name="test_visitor_isolation" time="0.843" /><testcase classname="tests.test_directory_and_chat.TestPublicDirectory" name="test_countries_public_no_auth" time="1.158" /><testcase classname="tests.test_directory_and_chat.TestPublicDirectory" name="test_companies_filter_by_country" time="0.099" /><testcase classname="tests.test_directory_and_chat.TestPublicDirectory" name="test_companies_filter_by_city" time="0.281" /><testcase classname="tests.test_directory_and_chat.TestPublicDirectory" name="test_companies_filter_by_city_nomatch" time="0.099" /><testcase classname="tests.backend_test.TestAuth" name="test_register_duplicate" time="0.506" /><testcase classname="tests.test_directory_and_chat.TestPublicDirectory" name="test_companies_search_q" time="0.093" /><testcase classname="tests.backend_test.TestAuth" name="test_login_success" time="0.326" /><testcase classname="tests.test_directory_and_chat.TestPublicDirectory" name="test_companies_card_fields" time="0.269" /><testcase classname="tests.backend_test.TestAuth" name="test_login_bad_password" time="0.549" /><testcase classname="tests.backend_test.TestCompany" name="test_get_my_company" time="0.717" /><testcase classname="tests.backend_test.TestAuth" name="test_me_requires_auth" time="0.121" /><testcase classname="tests.backend_test.TestAuth" name="test_me_with_token" time="0.095" /><testcase classname="tests.backend_test.TestCompany" name="test_update_company" time="0.159" /><testcase classname="tests.backend_test.TestAccountSecurity" name="test_change_password_wrong_current" time="0.392" /><testcase classname="tests.backend_test.TestCompany" name="test_update_persistence" time="0.228" /><testcase classname="tests.backend_test.TestCompany" name="test_public_profile_no_auth" time="0.109" /><testcase classname="tests.backend_test.TestAccountSecurity" name="test_change_password_success" time="2.187" /><testcase classname="tests.backend_test.TestCompany" name="test_update_unauthorized" time="0.527" /><testcase classname="tests.backend_test.TestAccountSecurity" name="test_request_email_change" time="0.325" /><testcase classname="tests.backend_test.TestAccountSecurity" name="test_request_phone_change" time="0.313" /><testcase classname="tests.backend_test.TestAccountSecurity" name="test_confirm_change_bad_code" time="0.106" /></testsuite></testsuites>