<?xml version="1.0" encoding="utf-8"?><testsuites name="pytest tests"><testsuite name="pytest" errors="0" failures="0" skipped="0" tests="16" time="5.227" timestamp="2026-07-21T13:44:13.381282+00:00" hostname="agent-env-fb522cda-0dee-4ca7-b71b-9ba11764cc79"><testcase classname="tests.test_iteration4.TestAccountDeletion" name="test_request_deletion_returns_200" time="0.995" /><testcase classname="tests.test_iteration4.TestPasswordReset" name="test_forgot_password_unknown_email_still_returns_success" time="0.330" /><testcase classname="tests.test_iteration4.TestPasswordReset" name="test_forgot_password_known_email" time="0.475" /><testcase classname="tests.test_iteration4.TestPasswordReset" name="test_reset_password_wrong_code_returns_400" time="0.827" /><testcase classname="tests.test_iteration4.TestAccountDeletion" name="test_confirm_deletion_wrong_code_returns_400" time="1.090" /><testcase classname="tests.test_iteration4.TestPasswordReset" name="test_reset_password_wrong_email_returns_400" time="0.105" /><testcase classname="tests.test_iteration4.TestRoleRegistration" name="test_register_role_user" time="0.669" /><testcase classname="tests.test_iteration4.TestAccountDeletion" name="test_confirm_deletion_without_request_returns_400" time="0.740" /><testcase classname="tests.test_iteration4.TestRoleRegistration" name="test_register_role_company" time="0.529" /><testcase classname="tests.test_iteration4.TestAccountDeletion" name="test_confirm_deletion_requires_auth" time="0.131" /><testcase classname="tests.test_iteration4.TestRoleRegistration" name="test_register_default_role_is_user" time="0.334" /><testcase classname="tests.test_iteration4.TestUserProfile" name="test_update_name_persists" time="0.750" /><testcase classname="tests.test_iteration4.TestStats" name="test_stats_returns_positive_counters" time="1.009" /><testcase classname="tests.test_iteration4.TestUserProfile" name="test_update_profile_requires_auth" time="0.108" /><testcase classname="tests.test_iteration4.TestServiceCities" name="test_multi_country_cities_persist" time="0.572" /><testcase classname="tests.test_iteration4.TestStats" name="test_stats_users_increases_after_register" time="0.600" /></testsuite></testsuites>