<?xml version="1.0" encoding="utf-8"?><testsuites name="pytest tests"><testsuite name="pytest" errors="0" failures="0" skipped="0" tests="21" time="6.134" timestamp="2026-07-21T11:27:52.918290+00:00" hostname="agent-env-fb522cda-0dee-4ca7-b71b-9ba11764cc79"><testcase classname="tests.backend_test.TestAuth" name="test_register_duplicate" time="0.448" /><testcase classname="tests.backend_test.TestAuth" name="test_login_success" time="0.316" /><testcase classname="tests.backend_test.TestAuth" name="test_login_bad_password" time="0.320" /><testcase classname="tests.backend_test.TestAuth" name="test_me_requires_auth" time="0.099" /><testcase classname="tests.backend_test.TestAuth" name="test_me_with_token" time="0.108" /><testcase classname="tests.backend_test.TestCompany" name="test_get_my_company" time="0.424" /><testcase classname="tests.backend_test.TestCompany" name="test_update_company" time="0.100" /><testcase classname="tests.backend_test.TestCompany" name="test_update_persistence" time="0.096" /><testcase classname="tests.backend_test.TestCompany" name="test_public_profile_no_auth" time="0.090" /><testcase classname="tests.backend_test.TestCompany" name="test_update_unauthorized" time="0.097" /><testcase classname="tests.backend_test.TestMedia" name="test_upload_logo" time="0.595" /><testcase classname="tests.backend_test.TestMedia" name="test_upload_cover" time="0.286" /><testcase classname="tests.backend_test.TestMedia" name="test_upload_media_image" time="0.294" /><testcase classname="tests.backend_test.TestMedia" name="test_upload_media_disallowed_ext" time="0.100" /><testcase classname="tests.backend_test.TestMedia" name="test_media_appears_in_company" time="0.099" /><testcase classname="tests.backend_test.TestMedia" name="test_delete_media" time="0.205" /><testcase classname="tests.backend_test.TestAccountSecurity" name="test_change_password_wrong_current" time="0.318" /><testcase classname="tests.backend_test.TestAccountSecurity" name="test_change_password_success" time="1.410" /><testcase classname="tests.backend_test.TestAccountSecurity" name="test_request_email_change" time="0.302" /><testcase classname="tests.backend_test.TestAccountSecurity" name="test_request_phone_change" time="0.256" /><testcase classname="tests.backend_test.TestAccountSecurity" name="test_confirm_change_bad_code" time="0.094" /></testsuite></testsuites>